# JRE version: OpenJDK Runtime Environment (17.0.9+9) (build 17.0.9+9-Ubuntu-122.04)
# Java VM: OpenJDK 64-Bit Server VM (17.0.9+9-Ubuntu-122.04, mixed mode, sharing, tiered, compressed oops, compressed class ptrs, g1 gc, linux-amd64)
GC Precious Log:
 CPUs: 8 total, 8 available
 Memory: 7827M
 Large Page Support: Disabled
 NUMA Support: Disabled
 Compressed Oops: Enabled (32-bit)
 Heap Region Size: 1M
 Heap Min Capacity: 8M
 Heap Initial Capacity: 124M
 Heap Max Capacity: 1958M
 Pre-touch: Disabled
 Parallel Workers: 8
 Concurrent Workers: 2
 Concurrent Refinement Workers: 8
 Periodic GC: Disabled
Heap:
 garbage-first heap   total 45056K, used 25664K [0x0000000085a00000, 0x0000000100000000)
  region size 1024K, 12 young (12288K), 3 survivors (3072K)
 Metaspace       used 30470K, committed 30912K, reserved 1114112K
  class space    used 3831K, committed 4032K, reserved 1048576K
GC Heap History (12 events):
Event: 1.800 GC heap before
{Heap before GC invocations=0 (full 0):
 garbage-first heap   total 129024K, used 24496K [0x0000000085a00000, 0x0000000100000000)
  region size 1024K, 23 young (23552K), 0 survivors (0K)
 Metaspace       used 7191K, committed 7424K, reserved 1114112K
  class space    used 872K, committed 960K, reserved 1048576K
}
Event: 1.803 GC heap after
{Heap after GC invocations=1 (full 0):
 garbage-first heap   total 129024K, used 5193K [0x0000000085a00000, 0x0000000100000000)
  region size 1024K, 3 young (3072K), 3 survivors (3072K)
 Metaspace       used 7191K, committed 7424K, reserved 1114112K
  class space    used 872K, committed 960K, reserved 1048576K
}
Event: 3.211 GC heap before
{Heap before GC invocations=1 (full 0):
 garbage-first heap   total 129024K, used 41033K [0x0000000085a00000, 0x0000000100000000)
  region size 1024K, 39 young (39936K), 3 survivors (3072K)
 Metaspace       used 16124K, committed 16320K, reserved 1114112K
  class space    used 2009K, committed 2112K, reserved 1048576K
}
Event: 3.216 GC heap after
{Heap after GC invocations=2 (full 0):
 garbage-first heap   total 129024K, used 8036K [0x0000000085a00000, 0x0000000100000000)
  region size 1024K, 3 young (3072K), 3 survivors (3072K)
 Metaspace       used 16124K, committed 16320K, reserved 1114112K
  class space    used 2009K, committed 2112K, reserved 1048576K
}
Event: 5.312 GC heap before
{Heap before GC invocations=2 (full 0):
 garbage-first heap   total 129024K, used 35684K [0x0000000085a00000, 0x0000000100000000)
  region size 1024K, 31 young (31744K), 3 survivors (3072K)
 Metaspace       used 21155K, committed 21504K, reserved 1114112K
  class space    used 2688K, committed 2880K, reserved 1048576K
}
Event: 5.316 GC heap after
{Heap after GC invocations=3 (full 0):
 garbage-first heap   total 129024K, used 10387K [0x0000000085a00000, 0x0000000100000000)
  region size 1024K, 5 young (5120K), 5 survivors (5120K)
 Metaspace       used 21155K, committed 21504K, reserved 1114112K
  class space    used 2688K, committed 2880K, reserved 1048576K
}
Event: 6.941 GC heap before
{Heap before GC invocations=4 (full 0):
 garbage-first heap   total 45056K, used 31891K [0x0000000085a00000, 0x0000000100000000)
  region size 1024K, 26 young (26624K), 5 survivors (5120K)
 Metaspace       used 26445K, committed 26816K, reserved 1114112K
  class space    used 3344K, committed 3520K, reserved 1048576K
}
Event: 6.946 GC heap after
{Heap after GC invocations=5 (full 0):
 garbage-first heap   total 45056K, used 12961K [0x0000000085a00000, 0x0000000100000000)
  region size 1024K, 3 young (3072K), 3 survivors (3072K)
 Metaspace       used 26445K, committed 26816K, reserved 1114112K
  class space    used 3344K, committed 3520K, reserved 1048576K
}
Event: 7.033 GC heap before
{Heap before GC invocations=5 (full 0):
 garbage-first heap   total 45056K, used 13985K [0x0000000085a00000, 0x0000000100000000)
  region size 1024K, 4 young (4096K), 3 survivors (3072K)
 Metaspace       used 26673K, committed 27008K, reserved 1114112K
  class space    used 3370K, committed 3520K, reserved 1048576K
}
Event: 7.037 GC heap after
{Heap after GC invocations=6 (full 0):
 garbage-first heap   total 45056K, used 13320K [0x0000000085a00000, 0x0000000100000000)
  region size 1024K, 1 young (1024K), 1 survivors (1024K)
 Metaspace       used 26673K, committed 27008K, reserved 1114112K
  class space    used 3370K, committed 3520K, reserved 1048576K
}
Event: 30.687 GC heap before
{Heap before GC invocations=6 (full 0):
 garbage-first heap   total 45056K, used 31752K [0x0000000085a00000, 0x0000000100000000)
  region size 1024K, 18 young (18432K), 1 survivors (1024K)
 Metaspace       used 30466K, committed 30912K, reserved 1114112K
  class space    used 3830K, committed 4032K, reserved 1048576K
}
Event: 30.690 GC heap after
{Heap after GC invocations=7 (full 0):
 garbage-first heap   total 45056K, used 17472K [0x0000000085a00000, 0x0000000100000000)
  region size 1024K, 3 young (3072K), 3 survivors (3072K)
 Metaspace       used 30466K, committed 30912K, reserved 1114112K
  class space    used 3830K, committed 4032K, reserved 1048576K
}

