# JRE version: OpenJDK Runtime Environment (17.0.9+9) (build 17.0.9+9-Ubuntu-122.04)
# Java VM: OpenJDK 64-Bit Server VM (17.0.9+9-Ubuntu-122.04, mixed mode, sharing, tiered, compressed oops, compressed class ptrs, g1 gc, linux-amd64)
GC Precious Log:
 CPUs: 8 total, 8 available
 Memory: 7827M
 Large Page Support: Disabled
 NUMA Support: Disabled
 Compressed Oops: Enabled (32-bit)
 Heap Region Size: 1M
 Heap Min Capacity: 8M
 Heap Initial Capacity: 124M
 Heap Max Capacity: 1958M
 Pre-touch: Disabled
 Parallel Workers: 8
 Concurrent Workers: 2
 Concurrent Refinement Workers: 8
 Periodic GC: Disabled
Heap:
 garbage-first heap   total 45056K, used 25520K [0x0000000085a00000, 0x0000000100000000)
  region size 1024K, 12 young (12288K), 3 survivors (3072K)
 Metaspace       used 30455K, committed 30848K, reserved 1114112K
  class space    used 3828K, committed 4032K, reserved 1048576K
GC Heap History (12 events):
Event: 2.040 GC heap before
{Heap before GC invocations=0 (full 0):
 garbage-first heap   total 129024K, used 24496K [0x0000000085a00000, 0x0000000100000000)
  region size 1024K, 23 young (23552K), 0 survivors (0K)
 Metaspace       used 7024K, committed 7232K, reserved 1114112K
  class space    used 842K, committed 960K, reserved 1048576K
}
Event: 2.045 GC heap after
{Heap after GC invocations=1 (full 0):
 garbage-first heap   total 129024K, used 5125K [0x0000000085a00000, 0x0000000100000000)
  region size 1024K, 3 young (3072K), 3 survivors (3072K)
 Metaspace       used 7024K, committed 7232K, reserved 1114112K
  class space    used 842K, committed 960K, reserved 1048576K
}
Event: 3.670 GC heap before
{Heap before GC invocations=1 (full 0):
 garbage-first heap   total 129024K, used 40965K [0x0000000085a00000, 0x0000000100000000)
  region size 1024K, 39 young (39936K), 3 survivors (3072K)
 Metaspace       used 16098K, committed 16384K, reserved 1114112K
  class space    used 2005K, committed 2112K, reserved 1048576K
}
Event: 3.676 GC heap after
{Heap after GC invocations=2 (full 0):
 garbage-first heap   total 129024K, used 8083K [0x0000000085a00000, 0x0000000100000000)
  region size 1024K, 3 young (3072K), 3 survivors (3072K)
 Metaspace       used 16098K, committed 16384K, reserved 1114112K
  class space    used 2005K, committed 2112K, reserved 1048576K
}
Event: 5.713 GC heap before
{Heap before GC invocations=2 (full 0):
 garbage-first heap   total 129024K, used 35731K [0x0000000085a00000, 0x0000000100000000)
  region size 1024K, 31 young (31744K), 3 survivors (3072K)
 Metaspace       used 21157K, committed 21504K, reserved 1114112K
  class space    used 2685K, committed 2880K, reserved 1048576K
}
Event: 5.717 GC heap after
{Heap after GC invocations=3 (full 0):
 garbage-first heap   total 129024K, used 10338K [0x0000000085a00000, 0x0000000100000000)
  region size 1024K, 5 young (5120K), 5 survivors (5120K)
 Metaspace       used 21157K, committed 21504K, reserved 1114112K
  class space    used 2685K, committed 2880K, reserved 1048576K
}
Event: 7.015 GC heap before
{Heap before GC invocations=4 (full 0):
 garbage-first heap   total 45056K, used 31842K [0x0000000085a00000, 0x0000000100000000)
  region size 1024K, 26 young (26624K), 5 survivors (5120K)
 Metaspace       used 26478K, committed 26880K, reserved 1114112K
  class space    used 3346K, committed 3520K, reserved 1048576K
}
Event: 7.021 GC heap after
{Heap after GC invocations=5 (full 0):
 garbage-first heap   total 45056K, used 13063K [0x0000000085a00000, 0x0000000100000000)
  region size 1024K, 4 young (4096K), 4 survivors (4096K)
 Metaspace       used 26478K, committed 26880K, reserved 1114112K
  class space    used 3346K, committed 3520K, reserved 1048576K
}
Event: 7.129 GC heap before
{Heap before GC invocations=5 (full 0):
 garbage-first heap   total 45056K, used 14087K [0x0000000085a00000, 0x0000000100000000)
  region size 1024K, 5 young (5120K), 4 survivors (4096K)
 Metaspace       used 26697K, committed 27136K, reserved 1114112K
  class space    used 3372K, committed 3584K, reserved 1048576K
}
Event: 7.133 GC heap after
{Heap after GC invocations=6 (full 0):
 garbage-first heap   total 45056K, used 13081K [0x0000000085a00000, 0x0000000100000000)
  region size 1024K, 1 young (1024K), 1 survivors (1024K)
 Metaspace       used 26697K, committed 27136K, reserved 1114112K
  class space    used 3372K, committed 3584K, reserved 1048576K
}
Event: 15.073 GC heap before
{Heap before GC invocations=6 (full 0):
 garbage-first heap   total 45056K, used 31513K [0x0000000085a00000, 0x0000000100000000)
  region size 1024K, 18 young (18432K), 1 survivors (1024K)
 Metaspace       used 30451K, committed 30848K, reserved 1114112K
  class space    used 3827K, committed 4032K, reserved 1048576K
}
Event: 15.077 GC heap after
{Heap after GC invocations=7 (full 0):
 garbage-first heap   total 45056K, used 17328K [0x0000000085a00000, 0x0000000100000000)
  region size 1024K, 3 young (3072K), 3 survivors (3072K)
 Metaspace       used 30451K, committed 30848K, reserved 1114112K
  class space    used 3827K, committed 4032K, reserved 1048576K
}

