# JRE version: OpenJDK Runtime Environment (17.0.9+9) (build 17.0.9+9-Ubuntu-122.04)
# Java VM: OpenJDK 64-Bit Server VM (17.0.9+9-Ubuntu-122.04, mixed mode, sharing, tiered, compressed oops, compressed class ptrs, g1 gc, linux-amd64)
GC Precious Log:
 CPUs: 8 total, 8 available
 Memory: 7827M
 Large Page Support: Disabled
 NUMA Support: Disabled
 Compressed Oops: Enabled (32-bit)
 Heap Region Size: 1M
 Heap Min Capacity: 8M
 Heap Initial Capacity: 124M
 Heap Max Capacity: 1958M
 Pre-touch: Disabled
 Parallel Workers: 8
 Concurrent Workers: 2
 Concurrent Refinement Workers: 8
 Periodic GC: Disabled
Heap:
 garbage-first heap   total 45056K, used 25345K [0x0000000085a00000, 0x0000000100000000)
  region size 1024K, 12 young (12288K), 3 survivors (3072K)
 Metaspace       used 30464K, committed 30912K, reserved 1114112K
  class space    used 3833K, committed 4096K, reserved 1048576K
GC Heap History (12 events):
Event: 1.970 GC heap before
{Heap before GC invocations=0 (full 0):
 garbage-first heap   total 129024K, used 24496K [0x0000000085a00000, 0x0000000100000000)
  region size 1024K, 23 young (23552K), 0 survivors (0K)
 Metaspace       used 7155K, committed 7360K, reserved 1114112K
  class space    used 861K, committed 960K, reserved 1048576K
}
Event: 1.976 GC heap after
{Heap after GC invocations=1 (full 0):
 garbage-first heap   total 129024K, used 5240K [0x0000000085a00000, 0x0000000100000000)
  region size 1024K, 3 young (3072K), 3 survivors (3072K)
 Metaspace       used 7155K, committed 7360K, reserved 1114112K
  class space    used 861K, committed 960K, reserved 1048576K
}
Event: 3.374 GC heap before
{Heap before GC invocations=1 (full 0):
 garbage-first heap   total 129024K, used 41080K [0x0000000085a00000, 0x0000000100000000)
  region size 1024K, 39 young (39936K), 3 survivors (3072K)
 Metaspace       used 16079K, committed 16320K, reserved 1114112K
  class space    used 2000K, committed 2112K, reserved 1048576K
}
Event: 3.379 GC heap after
{Heap after GC invocations=2 (full 0):
 garbage-first heap   total 129024K, used 8077K [0x0000000085a00000, 0x0000000100000000)
  region size 1024K, 3 young (3072K), 3 survivors (3072K)
 Metaspace       used 16079K, committed 16320K, reserved 1114112K
  class space    used 2000K, committed 2112K, reserved 1048576K
}
Event: 5.581 GC heap before
{Heap before GC invocations=2 (full 0):
 garbage-first heap   total 129024K, used 36749K [0x0000000085a00000, 0x0000000100000000)
  region size 1024K, 32 young (32768K), 3 survivors (3072K)
 Metaspace       used 21159K, committed 21504K, reserved 1114112K
  class space    used 2688K, committed 2880K, reserved 1048576K
}
Event: 5.587 GC heap after
{Heap after GC invocations=3 (full 0):
 garbage-first heap   total 129024K, used 10277K [0x0000000085a00000, 0x0000000100000000)
  region size 1024K, 5 young (5120K), 5 survivors (5120K)
 Metaspace       used 21159K, committed 21504K, reserved 1114112K
  class space    used 2688K, committed 2880K, reserved 1048576K
}
Event: 7.460 GC heap before
{Heap before GC invocations=4 (full 0):
 garbage-first heap   total 45056K, used 31781K [0x0000000085a00000, 0x0000000100000000)
  region size 1024K, 26 young (26624K), 5 survivors (5120K)
 Metaspace       used 26426K, committed 26816K, reserved 1114112K
  class space    used 3344K, committed 3520K, reserved 1048576K
}
Event: 7.468 GC heap after
{Heap after GC invocations=5 (full 0):
 garbage-first heap   total 45056K, used 13028K [0x0000000085a00000, 0x0000000100000000)
  region size 1024K, 4 young (4096K), 4 survivors (4096K)
 Metaspace       used 26426K, committed 26816K, reserved 1114112K
  class space    used 3344K, committed 3520K, reserved 1048576K
}
Event: 7.536 GC heap before
{Heap before GC invocations=5 (full 0):
 garbage-first heap   total 45056K, used 14052K [0x0000000085a00000, 0x0000000100000000)
  region size 1024K, 5 young (5120K), 4 survivors (4096K)
 Metaspace       used 26636K, committed 27008K, reserved 1114112K
  class space    used 3367K, committed 3520K, reserved 1048576K
}
Event: 7.540 GC heap after
{Heap after GC invocations=6 (full 0):
 garbage-first heap   total 45056K, used 13159K [0x0000000085a00000, 0x0000000100000000)
  region size 1024K, 1 young (1024K), 1 survivors (1024K)
 Metaspace       used 26636K, committed 27008K, reserved 1114112K
  class space    used 3367K, committed 3520K, reserved 1048576K
}
Event: 20.141 GC heap before
{Heap before GC invocations=6 (full 0):
 garbage-first heap   total 45056K, used 31591K [0x0000000085a00000, 0x0000000100000000)
  region size 1024K, 18 young (18432K), 1 survivors (1024K)
 Metaspace       used 30460K, committed 30848K, reserved 1114112K
  class space    used 3832K, committed 4032K, reserved 1048576K
}
Event: 20.144 GC heap after
{Heap after GC invocations=7 (full 0):
 garbage-first heap   total 45056K, used 17153K [0x0000000085a00000, 0x0000000100000000)
  region size 1024K, 3 young (3072K), 3 survivors (3072K)
 Metaspace       used 30460K, committed 30848K, reserved 1114112K
  class space    used 3832K, committed 4032K, reserved 1048576K
}

