# JRE version: OpenJDK Runtime Environment (17.0.9+9) (build 17.0.9+9-Ubuntu-122.04)
# Java VM: OpenJDK 64-Bit Server VM (17.0.9+9-Ubuntu-122.04, mixed mode, sharing, tiered, compressed oops, compressed class ptrs, g1 gc, linux-amd64)
GC Precious Log:
 CPUs: 8 total, 8 available
 Memory: 7827M
 Large Page Support: Disabled
 NUMA Support: Disabled
 Compressed Oops: Enabled (32-bit)
 Heap Region Size: 1M
 Heap Min Capacity: 8M
 Heap Initial Capacity: 124M
 Heap Max Capacity: 1958M
 Pre-touch: Disabled
 Parallel Workers: 8
 Concurrent Workers: 2
 Concurrent Refinement Workers: 8
 Periodic GC: Disabled
Heap:
 garbage-first heap   total 53248K, used 28883K [0x0000000085a00000, 0x0000000100000000)
  region size 1024K, 3 young (3072K), 2 survivors (2048K)
 Metaspace       used 30469K, committed 30912K, reserved 1114112K
  class space    used 3833K, committed 4096K, reserved 1048576K
GC Heap History (16 events):
Event: 2.088 GC heap before
{Heap before GC invocations=0 (full 0):
 garbage-first heap   total 129024K, used 24496K [0x0000000085a00000, 0x0000000100000000)
  region size 1024K, 23 young (23552K), 0 survivors (0K)
 Metaspace       used 7293K, committed 7488K, reserved 1114112K
  class space    used 886K, committed 960K, reserved 1048576K
}
Event: 2.093 GC heap after
{Heap after GC invocations=1 (full 0):
 garbage-first heap   total 129024K, used 5189K [0x0000000085a00000, 0x0000000100000000)
  region size 1024K, 3 young (3072K), 3 survivors (3072K)
 Metaspace       used 7293K, committed 7488K, reserved 1114112K
  class space    used 886K, committed 960K, reserved 1048576K
}
Event: 3.523 GC heap before
{Heap before GC invocations=1 (full 0):
 garbage-first heap   total 129024K, used 41029K [0x0000000085a00000, 0x0000000100000000)
  region size 1024K, 39 young (39936K), 3 survivors (3072K)
 Metaspace       used 16266K, committed 16576K, reserved 1114112K
  class space    used 2019K, committed 2176K, reserved 1048576K
}
Event: 3.529 GC heap after
{Heap after GC invocations=2 (full 0):
 garbage-first heap   total 129024K, used 8123K [0x0000000085a00000, 0x0000000100000000)
  region size 1024K, 3 young (3072K), 3 survivors (3072K)
 Metaspace       used 16266K, committed 16576K, reserved 1114112K
  class space    used 2019K, committed 2176K, reserved 1048576K
}
Event: 5.442 GC heap before
{Heap before GC invocations=2 (full 0):
 garbage-first heap   total 129024K, used 34747K [0x0000000085a00000, 0x0000000100000000)
  region size 1024K, 30 young (30720K), 3 survivors (3072K)
 Metaspace       used 21164K, committed 21504K, reserved 1114112K
  class space    used 2688K, committed 2880K, reserved 1048576K
}
Event: 5.447 GC heap after
{Heap after GC invocations=3 (full 0):
 garbage-first heap   total 129024K, used 10366K [0x0000000085a00000, 0x0000000100000000)
  region size 1024K, 5 young (5120K), 5 survivors (5120K)
 Metaspace       used 21164K, committed 21504K, reserved 1114112K
  class space    used 2688K, committed 2880K, reserved 1048576K
}
Event: 6.753 GC heap before
{Heap before GC invocations=4 (full 0):
 garbage-first heap   total 45056K, used 31870K [0x0000000085a00000, 0x0000000100000000)
  region size 1024K, 26 young (26624K), 5 survivors (5120K)
 Metaspace       used 26469K, committed 26816K, reserved 1114112K
  class space    used 3349K, committed 3520K, reserved 1048576K
}
Event: 6.761 GC heap after
{Heap after GC invocations=5 (full 0):
 garbage-first heap   total 45056K, used 12921K [0x0000000085a00000, 0x0000000100000000)
  region size 1024K, 3 young (3072K), 3 survivors (3072K)
 Metaspace       used 26469K, committed 26816K, reserved 1114112K
  class space    used 3349K, committed 3520K, reserved 1048576K
}
Event: 6.863 GC heap before
{Heap before GC invocations=5 (full 0):
 garbage-first heap   total 45056K, used 13945K [0x0000000085a00000, 0x0000000100000000)
  region size 1024K, 4 young (4096K), 3 survivors (3072K)
 Metaspace       used 26683K, committed 27072K, reserved 1114112K
  class space    used 3375K, committed 3584K, reserved 1048576K
}
Event: 6.867 GC heap after
{Heap after GC invocations=6 (full 0):
 garbage-first heap   total 45056K, used 13329K [0x0000000085a00000, 0x0000000100000000)
  region size 1024K, 1 young (1024K), 1 survivors (1024K)
 Metaspace       used 26683K, committed 27072K, reserved 1114112K
  class space    used 3375K, committed 3584K, reserved 1048576K
}
Event: 22.025 GC heap before
{Heap before GC invocations=6 (full 0):
 garbage-first heap   total 45056K, used 30737K [0x0000000085a00000, 0x0000000100000000)
  region size 1024K, 18 young (18432K), 1 survivors (1024K)
 Metaspace       used 30464K, committed 30848K, reserved 1114112K
  class space    used 3832K, committed 4032K, reserved 1048576K
}
Event: 22.029 GC heap after
{Heap after GC invocations=7 (full 0):
 garbage-first heap   total 45056K, used 17767K [0x0000000085a00000, 0x0000000100000000)
  region size 1024K, 3 young (3072K), 3 survivors (3072K)
 Metaspace       used 30464K, committed 30848K, reserved 1114112K
  class space    used 3832K, committed 4032K, reserved 1048576K
}
Event: 22.084 GC heap before
{Heap before GC invocations=7 (full 0):
 garbage-first heap   total 45056K, used 32103K [0x0000000085a00000, 0x0000000100000000)
  region size 1024K, 16 young (16384K), 3 survivors (3072K)
 Metaspace       used 30469K, committed 30912K, reserved 1114112K
  class space    used 3833K, committed 4096K, reserved 1048576K
}
Event: 22.087 GC heap after
{Heap after GC invocations=8 (full 0):
 garbage-first heap   total 45056K, used 24427K [0x0000000085a00000, 0x0000000100000000)
  region size 1024K, 2 young (2048K), 2 survivors (2048K)
 Metaspace       used 30469K, committed 30912K, reserved 1114112K
  class space    used 3833K, committed 4096K, reserved 1048576K
}
Event: 22.092 GC heap before
{Heap before GC invocations=8 (full 0):
 garbage-first heap   total 45056K, used 31595K [0x0000000085a00000, 0x0000000100000000)
  region size 1024K, 9 young (9216K), 2 survivors (2048K)
 Metaspace       used 30469K, committed 30912K, reserved 1114112K
  class space    used 3833K, committed 4096K, reserved 1048576K
}
Event: 22.096 GC heap after
{Heap after GC invocations=9 (full 0):
 garbage-first heap   total 45056K, used 28883K [0x0000000085a00000, 0x0000000100000000)
  region size 1024K, 2 young (2048K), 2 survivors (2048K)
 Metaspace       used 30469K, committed 30912K, reserved 1114112K
  class space    used 3833K, committed 4096K, reserved 1048576K
}

