# JRE version: OpenJDK Runtime Environment (17.0.9+9) (build 17.0.9+9-Ubuntu-122.04)
# Java VM: OpenJDK 64-Bit Server VM (17.0.9+9-Ubuntu-122.04, mixed mode, sharing, tiered, compressed oops, compressed class ptrs, g1 gc, linux-amd64)
GC Precious Log:
 CPUs: 8 total, 8 available
 Memory: 7827M
 Large Page Support: Disabled
 NUMA Support: Disabled
 Compressed Oops: Enabled (32-bit)
 Heap Region Size: 1M
 Heap Min Capacity: 8M
 Heap Initial Capacity: 124M
 Heap Max Capacity: 1958M
 Pre-touch: Disabled
 Parallel Workers: 8
 Concurrent Workers: 2
 Concurrent Refinement Workers: 8
 Periodic GC: Disabled
Heap:
 garbage-first heap   total 45056K, used 24480K [0x0000000085a00000, 0x0000000100000000)
  region size 1024K, 10 young (10240K), 3 survivors (3072K)
 Metaspace       used 30487K, committed 30976K, reserved 1114112K
  class space    used 3836K, committed 4096K, reserved 1048576K
GC Heap History (12 events):
Event: 2.085 GC heap before
{Heap before GC invocations=0 (full 0):
 garbage-first heap   total 129024K, used 24496K [0x0000000085a00000, 0x0000000100000000)
  region size 1024K, 23 young (23552K), 0 survivors (0K)
 Metaspace       used 7158K, committed 7360K, reserved 1114112K
  class space    used 863K, committed 960K, reserved 1048576K
}
Event: 2.089 GC heap after
{Heap after GC invocations=1 (full 0):
 garbage-first heap   total 129024K, used 5232K [0x0000000085a00000, 0x0000000100000000)
  region size 1024K, 3 young (3072K), 3 survivors (3072K)
 Metaspace       used 7158K, committed 7360K, reserved 1114112K
  class space    used 863K, committed 960K, reserved 1048576K
}
Event: 3.604 GC heap before
{Heap before GC invocations=1 (full 0):
 garbage-first heap   total 129024K, used 41072K [0x0000000085a00000, 0x0000000100000000)
  region size 1024K, 39 young (39936K), 3 survivors (3072K)
 Metaspace       used 16174K, committed 16448K, reserved 1114112K
  class space    used 2012K, committed 2176K, reserved 1048576K
}
Event: 3.610 GC heap after
{Heap after GC invocations=2 (full 0):
 garbage-first heap   total 129024K, used 8080K [0x0000000085a00000, 0x0000000100000000)
  region size 1024K, 3 young (3072K), 3 survivors (3072K)
 Metaspace       used 16174K, committed 16448K, reserved 1114112K
  class space    used 2012K, committed 2176K, reserved 1048576K
}
Event: 5.678 GC heap before
{Heap before GC invocations=2 (full 0):
 garbage-first heap   total 129024K, used 35728K [0x0000000085a00000, 0x0000000100000000)
  region size 1024K, 31 young (31744K), 3 survivors (3072K)
 Metaspace       used 21149K, committed 21504K, reserved 1114112K
  class space    used 2687K, committed 2880K, reserved 1048576K
}
Event: 5.683 GC heap after
{Heap after GC invocations=3 (full 0):
 garbage-first heap   total 129024K, used 10275K [0x0000000085a00000, 0x0000000100000000)
  region size 1024K, 5 young (5120K), 5 survivors (5120K)
 Metaspace       used 21149K, committed 21504K, reserved 1114112K
  class space    used 2687K, committed 2880K, reserved 1048576K
}
Event: 7.233 GC heap before
{Heap before GC invocations=4 (full 0):
 garbage-first heap   total 45056K, used 31779K [0x0000000085a00000, 0x0000000100000000)
  region size 1024K, 26 young (26624K), 5 survivors (5120K)
 Metaspace       used 26571K, committed 26944K, reserved 1114112K
  class space    used 3364K, committed 3520K, reserved 1048576K
}
Event: 7.239 GC heap after
{Heap after GC invocations=5 (full 0):
 garbage-first heap   total 45056K, used 12693K [0x0000000085a00000, 0x0000000100000000)
  region size 1024K, 3 young (3072K), 3 survivors (3072K)
 Metaspace       used 26571K, committed 26944K, reserved 1114112K
  class space    used 3364K, committed 3520K, reserved 1048576K
}
Event: 7.294 GC heap before
{Heap before GC invocations=5 (full 0):
 garbage-first heap   total 45056K, used 13717K [0x0000000085a00000, 0x0000000100000000)
  region size 1024K, 4 young (4096K), 3 survivors (3072K)
 Metaspace       used 26764K, committed 27200K, reserved 1114112K
  class space    used 3384K, committed 3584K, reserved 1048576K
}
Event: 7.298 GC heap after
{Heap after GC invocations=6 (full 0):
 garbage-first heap   total 45056K, used 12853K [0x0000000085a00000, 0x0000000100000000)
  region size 1024K, 1 young (1024K), 1 survivors (1024K)
 Metaspace       used 26764K, committed 27200K, reserved 1114112K
  class space    used 3384K, committed 3584K, reserved 1048576K
}
Event: 17.562 GC heap before
{Heap before GC invocations=6 (full 0):
 garbage-first heap   total 45056K, used 31285K [0x0000000085a00000, 0x0000000100000000)
  region size 1024K, 19 young (19456K), 1 survivors (1024K)
 Metaspace       used 30485K, committed 30976K, reserved 1114112K
  class space    used 3836K, committed 4096K, reserved 1048576K
}
Event: 17.566 GC heap after
{Heap after GC invocations=7 (full 0):
 garbage-first heap   total 45056K, used 18336K [0x0000000085a00000, 0x0000000100000000)
  region size 1024K, 3 young (3072K), 3 survivors (3072K)
 Metaspace       used 30485K, committed 30976K, reserved 1114112K
  class space    used 3836K, committed 4096K, reserved 1048576K
}

