# JRE version: OpenJDK Runtime Environment (17.0.9+9) (build 17.0.9+9-Ubuntu-122.04)
# Java VM: OpenJDK 64-Bit Server VM (17.0.9+9-Ubuntu-122.04, mixed mode, sharing, tiered, compressed oops, compressed class ptrs, g1 gc, linux-amd64)
GC Precious Log:
 CPUs: 8 total, 8 available
 Memory: 7827M
 Large Page Support: Disabled
 NUMA Support: Disabled
 Compressed Oops: Enabled (32-bit)
 Heap Region Size: 1M
 Heap Min Capacity: 8M
 Heap Initial Capacity: 124M
 Heap Max Capacity: 1958M
 Pre-touch: Disabled
 Parallel Workers: 8
 Concurrent Workers: 2
 Concurrent Refinement Workers: 8
 Periodic GC: Disabled
Heap:
 garbage-first heap   total 45056K, used 25360K [0x0000000085a00000, 0x0000000100000000)
  region size 1024K, 12 young (12288K), 3 survivors (3072K)
 Metaspace       used 30465K, committed 30912K, reserved 1114112K
  class space    used 3831K, committed 4096K, reserved 1048576K
GC Heap History (10 events):
Event: 1.899 GC heap before
{Heap before GC invocations=0 (full 0):
 garbage-first heap   total 129024K, used 23472K [0x0000000085a00000, 0x0000000100000000)
  region size 1024K, 23 young (23552K), 0 survivors (0K)
 Metaspace       used 7003K, committed 7232K, reserved 1114112K
  class space    used 840K, committed 960K, reserved 1048576K
}
Event: 1.903 GC heap after
{Heap after GC invocations=1 (full 0):
 garbage-first heap   total 129024K, used 5104K [0x0000000085a00000, 0x0000000100000000)
  region size 1024K, 3 young (3072K), 3 survivors (3072K)
 Metaspace       used 7003K, committed 7232K, reserved 1114112K
  class space    used 840K, committed 960K, reserved 1048576K
}
Event: 3.445 GC heap before
{Heap before GC invocations=1 (full 0):
 garbage-first heap   total 129024K, used 41968K [0x0000000085a00000, 0x0000000100000000)
  region size 1024K, 40 young (40960K), 3 survivors (3072K)
 Metaspace       used 16223K, committed 16448K, reserved 1114112K
  class space    used 2011K, committed 2112K, reserved 1048576K
}
Event: 3.450 GC heap after
{Heap after GC invocations=2 (full 0):
 garbage-first heap   total 129024K, used 8190K [0x0000000085a00000, 0x0000000100000000)
  region size 1024K, 3 young (3072K), 3 survivors (3072K)
 Metaspace       used 16223K, committed 16448K, reserved 1114112K
  class space    used 2011K, committed 2112K, reserved 1048576K
}
Event: 5.298 GC heap before
{Heap before GC invocations=2 (full 0):
 garbage-first heap   total 129024K, used 35838K [0x0000000085a00000, 0x0000000100000000)
  region size 1024K, 31 young (31744K), 3 survivors (3072K)
 Metaspace       used 21148K, committed 21504K, reserved 1114112K
  class space    used 2686K, committed 2880K, reserved 1048576K
}
Event: 5.302 GC heap after
{Heap after GC invocations=3 (full 0):
 garbage-first heap   total 129024K, used 10400K [0x0000000085a00000, 0x0000000100000000)
  region size 1024K, 5 young (5120K), 5 survivors (5120K)
 Metaspace       used 21148K, committed 21504K, reserved 1114112K
  class space    used 2686K, committed 2880K, reserved 1048576K
}
Event: 6.761 GC heap before
{Heap before GC invocations=4 (full 0):
 garbage-first heap   total 45056K, used 31904K [0x0000000085a00000, 0x0000000100000000)
  region size 1024K, 26 young (26624K), 5 survivors (5120K)
 Metaspace       used 26457K, committed 26816K, reserved 1114112K
  class space    used 3346K, committed 3520K, reserved 1048576K
}
Event: 6.768 GC heap after
{Heap after GC invocations=5 (full 0):
 garbage-first heap   total 45056K, used 12926K [0x0000000085a00000, 0x0000000100000000)
  region size 1024K, 3 young (3072K), 3 survivors (3072K)
 Metaspace       used 26457K, committed 26816K, reserved 1114112K
  class space    used 3346K, committed 3520K, reserved 1048576K
}
Event: 20.506 GC heap before
{Heap before GC invocations=5 (full 0):
 garbage-first heap   total 45056K, used 31358K [0x0000000085a00000, 0x0000000100000000)
  region size 1024K, 20 young (20480K), 3 survivors (3072K)
 Metaspace       used 30461K, committed 30912K, reserved 1114112K
  class space    used 3831K, committed 4096K, reserved 1048576K
}
Event: 20.509 GC heap after
{Heap after GC invocations=6 (full 0):
 garbage-first heap   total 45056K, used 17168K [0x0000000085a00000, 0x0000000100000000)
  region size 1024K, 3 young (3072K), 3 survivors (3072K)
 Metaspace       used 30461K, committed 30912K, reserved 1114112K
  class space    used 3831K, committed 4096K, reserved 1048576K
}

