# JRE version: OpenJDK Runtime Environment (17.0.9+9) (build 17.0.9+9-Ubuntu-122.04)
# Java VM: OpenJDK 64-Bit Server VM (17.0.9+9-Ubuntu-122.04, mixed mode, sharing, tiered, compressed oops, compressed class ptrs, g1 gc, linux-amd64)
GC Precious Log:
 CPUs: 8 total, 8 available
 Memory: 7827M
 Large Page Support: Disabled
 NUMA Support: Disabled
 Compressed Oops: Enabled (32-bit)
 Heap Region Size: 1M
 Heap Min Capacity: 8M
 Heap Initial Capacity: 124M
 Heap Max Capacity: 1958M
 Pre-touch: Disabled
 Parallel Workers: 8
 Concurrent Workers: 2
 Concurrent Refinement Workers: 8
 Periodic GC: Disabled
Heap:
 garbage-first heap   total 45056K, used 25668K [0x0000000085a00000, 0x0000000100000000)
  region size 1024K, 12 young (12288K), 3 survivors (3072K)
 Metaspace       used 30465K, committed 30848K, reserved 1114112K
  class space    used 3832K, committed 4032K, reserved 1048576K
GC Heap History (12 events):
Event: 1.882 GC heap before
{Heap before GC invocations=0 (full 0):
 garbage-first heap   total 129024K, used 24496K [0x0000000085a00000, 0x0000000100000000)
  region size 1024K, 23 young (23552K), 0 survivors (0K)
 Metaspace       used 7182K, committed 7424K, reserved 1114112K
  class space    used 867K, committed 960K, reserved 1048576K
}
Event: 1.887 GC heap after
{Heap after GC invocations=1 (full 0):
 garbage-first heap   total 129024K, used 5232K [0x0000000085a00000, 0x0000000100000000)
  region size 1024K, 3 young (3072K), 3 survivors (3072K)
 Metaspace       used 7182K, committed 7424K, reserved 1114112K
  class space    used 867K, committed 960K, reserved 1048576K
}
Event: 3.178 GC heap before
{Heap before GC invocations=1 (full 0):
 garbage-first heap   total 129024K, used 41072K [0x0000000085a00000, 0x0000000100000000)
  region size 1024K, 39 young (39936K), 3 survivors (3072K)
 Metaspace       used 16111K, committed 16320K, reserved 1114112K
  class space    used 2006K, committed 2112K, reserved 1048576K
}
Event: 3.184 GC heap after
{Heap after GC invocations=2 (full 0):
 garbage-first heap   total 129024K, used 8063K [0x0000000085a00000, 0x0000000100000000)
  region size 1024K, 3 young (3072K), 3 survivors (3072K)
 Metaspace       used 16111K, committed 16320K, reserved 1114112K
  class space    used 2006K, committed 2112K, reserved 1048576K
}
Event: 5.103 GC heap before
{Heap before GC invocations=2 (full 0):
 garbage-first heap   total 129024K, used 35711K [0x0000000085a00000, 0x0000000100000000)
  region size 1024K, 31 young (31744K), 3 survivors (3072K)
 Metaspace       used 21159K, committed 21504K, reserved 1114112K
  class space    used 2688K, committed 2880K, reserved 1048576K
}
Event: 5.108 GC heap after
{Heap after GC invocations=3 (full 0):
 garbage-first heap   total 129024K, used 10405K [0x0000000085a00000, 0x0000000100000000)
  region size 1024K, 5 young (5120K), 5 survivors (5120K)
 Metaspace       used 21159K, committed 21504K, reserved 1114112K
  class space    used 2688K, committed 2880K, reserved 1048576K
}
Event: 6.429 GC heap before
{Heap before GC invocations=4 (full 0):
 garbage-first heap   total 45056K, used 31909K [0x0000000085a00000, 0x0000000100000000)
  region size 1024K, 26 young (26624K), 5 survivors (5120K)
 Metaspace       used 26465K, committed 26816K, reserved 1114112K
  class space    used 3349K, committed 3520K, reserved 1048576K
}
Event: 6.434 GC heap after
{Heap after GC invocations=5 (full 0):
 garbage-first heap   total 45056K, used 13119K [0x0000000085a00000, 0x0000000100000000)
  region size 1024K, 4 young (4096K), 4 survivors (4096K)
 Metaspace       used 26465K, committed 26816K, reserved 1114112K
  class space    used 3349K, committed 3520K, reserved 1048576K
}
Event: 6.509 GC heap before
{Heap before GC invocations=5 (full 0):
 garbage-first heap   total 45056K, used 14143K [0x0000000085a00000, 0x0000000100000000)
  region size 1024K, 5 young (5120K), 4 survivors (4096K)
 Metaspace       used 26680K, committed 27072K, reserved 1114112K
  class space    used 3375K, committed 3584K, reserved 1048576K
}
Event: 6.512 GC heap after
{Heap after GC invocations=6 (full 0):
 garbage-first heap   total 45056K, used 12924K [0x0000000085a00000, 0x0000000100000000)
  region size 1024K, 1 young (1024K), 1 survivors (1024K)
 Metaspace       used 26680K, committed 27072K, reserved 1114112K
  class space    used 3375K, committed 3584K, reserved 1048576K
}
Event: 18.000 GC heap before
{Heap before GC invocations=6 (full 0):
 garbage-first heap   total 45056K, used 30332K [0x0000000085a00000, 0x0000000100000000)
  region size 1024K, 18 young (18432K), 1 survivors (1024K)
 Metaspace       used 30461K, committed 30848K, reserved 1114112K
  class space    used 3831K, committed 4032K, reserved 1048576K
}
Event: 18.003 GC heap after
{Heap after GC invocations=7 (full 0):
 garbage-first heap   total 45056K, used 17476K [0x0000000085a00000, 0x0000000100000000)
  region size 1024K, 3 young (3072K), 3 survivors (3072K)
 Metaspace       used 30461K, committed 30848K, reserved 1114112K
  class space    used 3831K, committed 4032K, reserved 1048576K
}

