# JRE version: OpenJDK Runtime Environment (17.0.9+9) (build 17.0.9+9-Ubuntu-122.04)
# Java VM: OpenJDK 64-Bit Server VM (17.0.9+9-Ubuntu-122.04, mixed mode, sharing, tiered, compressed oops, compressed class ptrs, g1 gc, linux-amd64)
GC Precious Log:
 CPUs: 8 total, 8 available
 Memory: 7827M
 Large Page Support: Disabled
 NUMA Support: Disabled
 Compressed Oops: Enabled (32-bit)
 Heap Region Size: 1M
 Heap Min Capacity: 8M
 Heap Initial Capacity: 124M
 Heap Max Capacity: 1958M
 Pre-touch: Disabled
 Parallel Workers: 8
 Concurrent Workers: 2
 Concurrent Refinement Workers: 8
 Periodic GC: Disabled
Heap:
 garbage-first heap   total 45056K, used 25737K [0x0000000085a00000, 0x0000000100000000)
  region size 1024K, 12 young (12288K), 3 survivors (3072K)
 Metaspace       used 30473K, committed 30976K, reserved 1114112K
  class space    used 3833K, committed 4096K, reserved 1048576K
GC Heap History (12 events):
Event: 1.629 GC heap before
{Heap before GC invocations=0 (full 0):
 garbage-first heap   total 129024K, used 24496K [0x0000000085a00000, 0x0000000100000000)
  region size 1024K, 23 young (23552K), 0 survivors (0K)
 Metaspace       used 7161K, committed 7360K, reserved 1114112K
  class space    used 865K, committed 960K, reserved 1048576K
}
Event: 1.635 GC heap after
{Heap after GC invocations=1 (full 0):
 garbage-first heap   total 129024K, used 5257K [0x0000000085a00000, 0x0000000100000000)
  region size 1024K, 3 young (3072K), 3 survivors (3072K)
 Metaspace       used 7161K, committed 7360K, reserved 1114112K
  class space    used 865K, committed 960K, reserved 1048576K
}
Event: 3.232 GC heap before
{Heap before GC invocations=1 (full 0):
 garbage-first heap   total 129024K, used 41097K [0x0000000085a00000, 0x0000000100000000)
  region size 1024K, 39 young (39936K), 3 survivors (3072K)
 Metaspace       used 16132K, committed 16320K, reserved 1114112K
  class space    used 2009K, committed 2112K, reserved 1048576K
}
Event: 3.237 GC heap after
{Heap after GC invocations=2 (full 0):
 garbage-first heap   total 129024K, used 8068K [0x0000000085a00000, 0x0000000100000000)
  region size 1024K, 3 young (3072K), 3 survivors (3072K)
 Metaspace       used 16132K, committed 16320K, reserved 1114112K
  class space    used 2009K, committed 2112K, reserved 1048576K
}
Event: 5.358 GC heap before
{Heap before GC invocations=2 (full 0):
 garbage-first heap   total 129024K, used 35716K [0x0000000085a00000, 0x0000000100000000)
  region size 1024K, 31 young (31744K), 3 survivors (3072K)
 Metaspace       used 21176K, committed 21504K, reserved 1114112K
  class space    used 2689K, committed 2880K, reserved 1048576K
}
Event: 5.363 GC heap after
{Heap after GC invocations=3 (full 0):
 garbage-first heap   total 129024K, used 10387K [0x0000000085a00000, 0x0000000100000000)
  region size 1024K, 5 young (5120K), 5 survivors (5120K)
 Metaspace       used 21176K, committed 21504K, reserved 1114112K
  class space    used 2689K, committed 2880K, reserved 1048576K
}
Event: 6.827 GC heap before
{Heap before GC invocations=4 (full 0):
 garbage-first heap   total 45056K, used 31891K [0x0000000085a00000, 0x0000000100000000)
  region size 1024K, 26 young (26624K), 5 survivors (5120K)
 Metaspace       used 26484K, committed 26880K, reserved 1114112K
  class space    used 3350K, committed 3520K, reserved 1048576K
}
Event: 6.834 GC heap after
{Heap after GC invocations=5 (full 0):
 garbage-first heap   total 45056K, used 13051K [0x0000000085a00000, 0x0000000100000000)
  region size 1024K, 3 young (3072K), 3 survivors (3072K)
 Metaspace       used 26484K, committed 26880K, reserved 1114112K
  class space    used 3350K, committed 3520K, reserved 1048576K
}
Event: 6.960 GC heap before
{Heap before GC invocations=5 (full 0):
 garbage-first heap   total 45056K, used 14075K [0x0000000085a00000, 0x0000000100000000)
  region size 1024K, 4 young (4096K), 3 survivors (3072K)
 Metaspace       used 26701K, committed 27072K, reserved 1114112K
  class space    used 3376K, committed 3584K, reserved 1048576K
}
Event: 6.963 GC heap after
{Heap after GC invocations=6 (full 0):
 garbage-first heap   total 45056K, used 13249K [0x0000000085a00000, 0x0000000100000000)
  region size 1024K, 1 young (1024K), 1 survivors (1024K)
 Metaspace       used 26701K, committed 27072K, reserved 1114112K
  class space    used 3376K, committed 3584K, reserved 1048576K
}
Event: 19.117 GC heap before
{Heap before GC invocations=6 (full 0):
 garbage-first heap   total 45056K, used 31681K [0x0000000085a00000, 0x0000000100000000)
  region size 1024K, 18 young (18432K), 1 survivors (1024K)
 Metaspace       used 30468K, committed 30912K, reserved 1114112K
  class space    used 3832K, committed 4032K, reserved 1048576K
}
Event: 19.120 GC heap after
{Heap after GC invocations=7 (full 0):
 garbage-first heap   total 45056K, used 17545K [0x0000000085a00000, 0x0000000100000000)
  region size 1024K, 3 young (3072K), 3 survivors (3072K)
 Metaspace       used 30468K, committed 30912K, reserved 1114112K
  class space    used 3832K, committed 4032K, reserved 1048576K
}

