# JRE version: OpenJDK Runtime Environment (17.0.9+9) (build 17.0.9+9-Ubuntu-122.04)
# Java VM: OpenJDK 64-Bit Server VM (17.0.9+9-Ubuntu-122.04, mixed mode, sharing, tiered, compressed oops, compressed class ptrs, g1 gc, linux-amd64)
GC Precious Log:
 CPUs: 8 total, 8 available
 Memory: 7827M
 Large Page Support: Disabled
 NUMA Support: Disabled
 Compressed Oops: Enabled (32-bit)
 Heap Region Size: 1M
 Heap Min Capacity: 8M
 Heap Initial Capacity: 124M
 Heap Max Capacity: 1958M
 Pre-touch: Disabled
 Parallel Workers: 8
 Concurrent Workers: 2
 Concurrent Refinement Workers: 8
 Periodic GC: Disabled
Heap:
 garbage-first heap   total 45056K, used 25592K [0x0000000085a00000, 0x0000000100000000)
  region size 1024K, 12 young (12288K), 3 survivors (3072K)
 Metaspace       used 30466K, committed 30912K, reserved 1114112K
  class space    used 3828K, committed 4032K, reserved 1048576K
GC Heap History (12 events):
Event: 1.881 GC heap before
{Heap before GC invocations=0 (full 0):
 garbage-first heap   total 129024K, used 24496K [0x0000000085a00000, 0x0000000100000000)
  region size 1024K, 23 young (23552K), 0 survivors (0K)
 Metaspace       used 7154K, committed 7360K, reserved 1114112K
  class space    used 864K, committed 960K, reserved 1048576K
}
Event: 1.885 GC heap after
{Heap after GC invocations=1 (full 0):
 garbage-first heap   total 129024K, used 5388K [0x0000000085a00000, 0x0000000100000000)
  region size 1024K, 3 young (3072K), 3 survivors (3072K)
 Metaspace       used 7154K, committed 7360K, reserved 1114112K
  class space    used 864K, committed 960K, reserved 1048576K
}
Event: 3.397 GC heap before
{Heap before GC invocations=1 (full 0):
 garbage-first heap   total 129024K, used 41228K [0x0000000085a00000, 0x0000000100000000)
  region size 1024K, 39 young (39936K), 3 survivors (3072K)
 Metaspace       used 16179K, committed 16384K, reserved 1114112K
  class space    used 2009K, committed 2112K, reserved 1048576K
}
Event: 3.403 GC heap after
{Heap after GC invocations=2 (full 0):
 garbage-first heap   total 129024K, used 8044K [0x0000000085a00000, 0x0000000100000000)
  region size 1024K, 3 young (3072K), 3 survivors (3072K)
 Metaspace       used 16179K, committed 16384K, reserved 1114112K
  class space    used 2009K, committed 2112K, reserved 1048576K
}
Event: 5.071 GC heap before
{Heap before GC invocations=2 (full 0):
 garbage-first heap   total 129024K, used 35692K [0x0000000085a00000, 0x0000000100000000)
  region size 1024K, 31 young (31744K), 3 survivors (3072K)
 Metaspace       used 21158K, committed 21504K, reserved 1114112K
  class space    used 2686K, committed 2880K, reserved 1048576K
}
Event: 5.076 GC heap after
{Heap after GC invocations=3 (full 0):
 garbage-first heap   total 129024K, used 10270K [0x0000000085a00000, 0x0000000100000000)
  region size 1024K, 5 young (5120K), 5 survivors (5120K)
 Metaspace       used 21158K, committed 21504K, reserved 1114112K
  class space    used 2686K, committed 2880K, reserved 1048576K
}
Event: 6.312 GC heap before
{Heap before GC invocations=4 (full 0):
 garbage-first heap   total 45056K, used 31774K [0x0000000085a00000, 0x0000000100000000)
  region size 1024K, 26 young (26624K), 5 survivors (5120K)
 Metaspace       used 26446K, committed 26816K, reserved 1114112K
  class space    used 3343K, committed 3520K, reserved 1048576K
}
Event: 6.320 GC heap after
{Heap after GC invocations=5 (full 0):
 garbage-first heap   total 45056K, used 12914K [0x0000000085a00000, 0x0000000100000000)
  region size 1024K, 3 young (3072K), 3 survivors (3072K)
 Metaspace       used 26446K, committed 26816K, reserved 1114112K
  class space    used 3343K, committed 3520K, reserved 1048576K
}
Event: 6.441 GC heap before
{Heap before GC invocations=5 (full 0):
 garbage-first heap   total 45056K, used 13938K [0x0000000085a00000, 0x0000000100000000)
  region size 1024K, 4 young (4096K), 3 survivors (3072K)
 Metaspace       used 26671K, committed 27008K, reserved 1114112K
  class space    used 3370K, committed 3520K, reserved 1048576K
}
Event: 6.445 GC heap after
{Heap after GC invocations=6 (full 0):
 garbage-first heap   total 45056K, used 13008K [0x0000000085a00000, 0x0000000100000000)
  region size 1024K, 1 young (1024K), 1 survivors (1024K)
 Metaspace       used 26671K, committed 27008K, reserved 1114112K
  class space    used 3370K, committed 3520K, reserved 1048576K
}
Event: 19.982 GC heap before
{Heap before GC invocations=6 (full 0):
 garbage-first heap   total 45056K, used 31440K [0x0000000085a00000, 0x0000000100000000)
  region size 1024K, 18 young (18432K), 1 survivors (1024K)
 Metaspace       used 30462K, committed 30848K, reserved 1114112K
  class space    used 3827K, committed 4032K, reserved 1048576K
}
Event: 19.985 GC heap after
{Heap after GC invocations=7 (full 0):
 garbage-first heap   total 45056K, used 17400K [0x0000000085a00000, 0x0000000100000000)
  region size 1024K, 3 young (3072K), 3 survivors (3072K)
 Metaspace       used 30462K, committed 30848K, reserved 1114112K
  class space    used 3827K, committed 4032K, reserved 1048576K
}

